<?xml version="1.0" encoding="UTF-8"?>
<!-- Generated by org.testng.reporters.JUnitReportReporter -->
<testsuite hostname="DESKTOP-VV6PP33" failures="0" tests="1" name="testClasses.MyaccountPageTestClass" time="23.151" errors="0" timestamp="2024-07-31T23:22:29 IST" skipped="0">
  <testcase classname="testClasses.MyaccountPageTestClass" name="clickLanguage" time="23.151"/>
  <system-out/>
</testsuite> <!-- testClasses.MyaccountPageTestClass -->
