<?xml version="1.0" encoding="UTF-8"?>
<!-- Generated by org.testng.reporters.JUnitReportReporter -->
<testsuite hostname="DESKTOP-VV6PP33" failures="0" tests="1" name="testClasses.LoginPageTestClass" time="22.243" errors="0" timestamp="2024-07-30T12:55:24 IST" skipped="0">
  <testcase classname="testClasses.LoginPageTestClass" name="verifyLogout" time="22.243"/>
  <system-out/>
</testsuite> <!-- testClasses.LoginPageTestClass -->
