<?xml version="1.0" encoding="UTF-8"?>
<!-- Generated by org.testng.reporters.JUnitReportReporter -->
<testsuite hostname="DESKTOP-VV6PP33" failures="0" tests="1" name="testClasses.HomePageTestClass" time="13.907" errors="0" timestamp="2024-07-31T00:20:33 IST" skipped="0">
  <testcase classname="testClasses.HomePageTestClass" name="verifyAdminDropdownMyAccount" time="13.907"/>
  <system-out/>
</testsuite> <!-- testClasses.HomePageTestClass -->
