<?xml version="1.0" encoding="UTF-8"?>
<!-- Generated by org.testng.reporters.JUnitReportReporter -->
<testsuite hostname="DESKTOP-VV6PP33" failures="0" tests="1" name="testClasses.RegisterPatientTestClass" time="42.080" errors="0" timestamp="2024-08-03T11:19:44 IST" skipped="0">
  <testcase classname="testClasses.RegisterPatientTestClass" name="verifyToRegisterPatient" time="42.080"/>
  <system-out/>
</testsuite> <!-- testClasses.RegisterPatientTestClass -->
