<?xml version="1.0" encoding="UTF-8"?>
<!-- Generated by org.testng.reporters.JUnitReportReporter -->
<testsuite hostname="DESKTOP-VV6PP33" failures="0" tests="2" name="testClasses.RegisterPatientTestClass" time="112.500" errors="0" timestamp="2024-08-01T18:45:41 IST" skipped="0">
  <testcase classname="testClasses.RegisterPatientTestClass" name="verifyToRegisterPatient" time="73.485"/>
  <system-out/>
  <testcase classname="testClasses.RegisterPatientTestClass" name="verifyToRegisterPatient" time="39.015"/>
  <system-out/>
</testsuite> <!-- testClasses.RegisterPatientTestClass -->
