<?xml version="1.0" encoding="UTF-8"?>
<!-- Generated by org.testng.reporters.JUnitReportReporter -->
<testsuite hostname="DESKTOP-VV6PP33" failures="0" tests="2" name="testClasses.HomePageTestClass" time="43.112" errors="0" timestamp="2024-08-01T16:43:03 IST" skipped="0">
  <testcase classname="testClasses.HomePageTestClass" name="verifyAllTileIsDisplayedInHomePage" time="29.445"/>
  <system-out/>
  <testcase classname="testClasses.HomePageTestClass" name="verifyAdminDropdownMyAccount" time="13.667"/>
  <system-out/>
</testsuite> <!-- testClasses.HomePageTestClass -->
