<?xml version="1.0" encoding="UTF-8"?>
<!-- Generated by org.testng.reporters.JUnitReportReporter -->
<testsuite hostname="DESKTOP-VV6PP33" failures="0" tests="9" name="testClasses.LoginPageTestClass" time="84.929" errors="0" timestamp="2024-08-01T18:18:56 IST" skipped="0">
  <testcase classname="testClasses.LoginPageTestClass" name="veryfyLogoIsDisplayedOrNotInLoginPage" time="15.584"/>
  <system-out/>
  <testcase classname="testClasses.LoginPageTestClass" name="verifyTheExpectedPageisOpensWhileHittingTheUrl" time="8.295"/>
  <system-out/>
  <testcase classname="testClasses.LoginPageTestClass" name="veryfyCannotLoginLinkIsDisplayedOrNot" time="9.297"/>
  <system-out/>
  <testcase classname="testClasses.LoginPageTestClass" name="verifySuccessfullLogin" time="8.998"/>
  <system-out/>
  <testcase classname="testClasses.LoginPageTestClass" name="verifyUnsuccessfulLogin" time="8.192"/>
  <system-out/>
  <testcase classname="testClasses.LoginPageTestClass" name="verifyUnsuccessfulLogin" time="8.666"/>
  <system-out/>
  <testcase classname="testClasses.LoginPageTestClass" name="verifyUnsuccessfulLogin" time="8.692"/>
  <system-out/>
  <testcase classname="testClasses.LoginPageTestClass" name="verifyAllLocationSessionsAreDisplayedOrNotInLoginPage" time="7.515"/>
  <system-out/>
  <testcase classname="testClasses.LoginPageTestClass" name="verifyLogout" time="9.690"/>
  <system-out/>
</testsuite> <!-- testClasses.LoginPageTestClass -->
