<?xml version="1.0" encoding="UTF-8"?>
<!-- Generated by org.testng.reporters.JUnitReportReporter -->
<testsuite hostname="DESKTOP-VV6PP33" failures="0" tests="1" name="testClasses.RegisterPatientTestClass" time="35.920" errors="0" timestamp="2024-07-29T17:21:51 IST" skipped="0">
  <testcase classname="testClasses.RegisterPatientTestClass" name="verifyToRegisterPatient" time="35.920"/>
  <system-out/>
</testsuite> <!-- testClasses.RegisterPatientTestClass -->
