<?xml version="1.0" encoding="UTF-8"?>
<!-- Generated by org.testng.reporters.JUnitReportReporter -->
<testsuite hostname="DESKTOP-VV6PP33" failures="0" tests="3" name="testClasses.FindAPatientRecordTestClass" time="44.266" errors="0" timestamp="2024-08-01T18:33:48 IST" skipped="0">
  <testcase classname="testClasses.FindAPatientRecordTestClass" name="testFindPatientAndVerifyGender" time="19.142"/>
  <system-out/>
  <testcase classname="testClasses.FindAPatientRecordTestClass" name="testFindPatientAndVerifyAge" time="13.931"/>
  <system-out/>
  <testcase classname="testClasses.FindAPatientRecordTestClass" name="verifySearchFunctionality" time="11.193"/>
  <system-out/>
</testsuite> <!-- testClasses.FindAPatientRecordTestClass -->
