<?xml version="1.0" encoding="UTF-8"?>
<!-- Generated by org.testng.reporters.JUnitReportReporter -->
<testsuite hostname="DESKTOP-VV6PP33" failures="0" tests="1" name="testClasses.FindAPatientRecordTestClass" time="19.247" errors="0" timestamp="2024-07-31T00:17:36 IST" skipped="0">
  <testcase classname="testClasses.FindAPatientRecordTestClass" name="verifySearchFunctionality" time="19.247"/>
  <system-out/>
</testsuite> <!-- testClasses.FindAPatientRecordTestClass -->
